[Message:   BepInEx] BepInEx 5.4.19.0 - valheim_server (7/24/2022 12:39:42 AM)
[Info   :   BepInEx] Running under Unity vUnknown (post-2017)
[Info   :   BepInEx] CLR runtime version: 4.0.30319.42000
[Info   :   BepInEx] Supports SRE: True
[Info   :   BepInEx] System platform: Bits64, Linux
[Message:   BepInEx] Preloader started
[Info   :   BepInEx] Loaded 1 patcher method from [BepInEx.Preloader 5.4.19.0]
[Info   :   BepInEx] 1 patcher plugin loaded
[Info   :   BepInEx] Patching [UnityEngine.CoreModule] with [BepInEx.Chainloader]
[Message:   BepInEx] Preloader finished
[Info   :   BepInEx] Detected Unity version: v2020.3.33f1
[Message:   BepInEx] Chainloader ready
[Message:   BepInEx] Chainloader started
[Info   :   BepInEx] 5 plugins to load
[Info   :   BepInEx] Loading [PlantEverything 1.12.0]
[Info   :   BepInEx] Loading [Speedy Paths Mod 1.0.6]
[Info   :AuthoritativeConfig_nex.SpeedyPaths] Initialized Server Authoritative Config Manager.
[Info   :   BepInEx] Loading [Valheim Plus 0.9.9.11]
[Info   :Valheim Plus] Trying to load the configuration file
[Info   : Unity Log] Loading config section AdvancedBuildingMode
[Info   : Unity Log]  Section not enabled
[Info   : Unity Log] Loading config section AdvancedEditingMode
[Info   : Unity Log]  Section not enabled
[Info   : Unity Log] Loading config section Bed
[Info   : Unity Log]  Section not enabled
[Info   : Unity Log] Loading config section Beehive
[Info   : Unity Log]  Loading key honeyProductionSpeed
[Info   : Unity Log]  Loading key maximumHoneyPerBeehive
[Info   : Unity Log]  Loading key autoDeposit
[Info   : Unity Log]  Loading key autoDepositRange
[Info   : Unity Log]  Loading key showDuration
[Info   : Unity Log] Loading config section Building
[Info   : Unity Log]  Loading key noInvalidPlacementRestriction
[Info   : Unity Log]  Loading key noMysticalForcesPreventPlacementRestriction
[Info   : Unity Log]  Loading key noWeatherDamage
[Info   : Unity Log]  Loading key maximumPlacementDistance
[Info   : Unity Log]  Loading key pieceComfortRadius
[Info   : Unity Log]  Loading key alwaysDropResources
[Info   : Unity Log]  Loading key alwaysDropExcludedResources
[Info   : Unity Log]  Loading key enableAreaRepair
[Info   : Unity Log]  Loading key areaRepairRadius
[Info   : Unity Log] Loading config section Deconstruct
[Info   : Unity Log]  Section not enabled
[Info   : Unity Log] Loading config section Inventory
[Info   : Unity Log]  Loading key inventoryFillTopToBottom
[Info   : Unity Log]  Loading key mergeWithExistingStacks
[Info   : Unity Log]  Loading key playerInventoryRows
[Info   : Unity Log]  Loading key woodChestColumns
[Info   : Unity Log]  Loading key woodChestRows
[Info   : Unity Log]  Loading key personalChestColumns
[Info   : Unity Log]  Loading key personalChestRows
[Info   : Unity Log]  Loading key ironChestColumns
[Info   : Unity Log]  Loading key ironChestRows
[Info   : Unity Log]  Loading key blackmetalChestColumns
[Info   : Unity Log]  Loading key blackmetalChestRows
[Info   : Unity Log]  Loading key cartInventoryColumns
[Info   : Unity Log]  Loading key cartInventoryRows
[Info   : Unity Log]  Loading key karveInventoryColumns
[Info   : Unity Log]  Loading key karveInventoryRows
[Info   : Unity Log]  Loading key longboatInventoryColumns
[Info   : Unity Log]  Loading key longboatInventoryRows
[Info   : Unity Log] Loading config section Items
[Info   : Unity Log]  Section not enabled
[Info   : Unity Log] Loading config section Fermenter
[Info   : Unity Log]  Loading key fermenterDuration
[Info   : Unity Log]  Loading key fermenterItemsProduced
[Info   : Unity Log]  Loading key showDuration
[Info   : Unity Log]  Loading key autoDeposit
[Info   : Unity Log]  Loading key autoFuel
[Info   : Unity Log]  Loading key ignorePrivateAreaCheck
[Info   : Unity Log]  Loading key autoRange
[Info   : Unity Log] Loading config section FireSource
[Info   : Unity Log]  Loading key torches
[Info   : Unity Log]  Loading key fires
[Info   : Unity Log]  Loading key autoFuel
[Info   : Unity Log]  Loading key ignorePrivateAreaCheck
[Info   : Unity Log]  Loading key autoRange
[Info   : Unity Log] Loading config section Food
[Info   : Unity Log]  Loading key foodDurationMultiplier
[Warning: Unity Log]  [Float] Could not read foodDurationMultiplier, using default value of 0
[Info   : Unity Log]  Loading key disableFoodDegradation
[Info   : Unity Log] Loading config section Smelter
[Info   : Unity Log]  Loading key maximumOre
[Info   : Unity Log]  Loading key maximumCoal
[Info   : Unity Log]  Loading key coalUsedPerProduct
[Info   : Unity Log]  Loading key productionSpeed
[Info   : Unity Log]  Loading key autoDeposit
[Info   : Unity Log]  Loading key autoFuel
[Info   : Unity Log]  Loading key ignorePrivateAreaCheck
[Info   : Unity Log]  Loading key autoRange
[Info   : Unity Log] Loading config section Furnace
[Info   : Unity Log]  Loading key maximumOre
[Info   : Unity Log]  Loading key maximumCoal
[Info   : Unity Log]  Loading key coalUsedPerProduct
[Info   : Unity Log]  Loading key productionSpeed
[Info   : Unity Log]  Loading key autoDeposit
[Info   : Unity Log]  Loading key autoFuel
[Info   : Unity Log]  Loading key ignorePrivateAreaCheck
[Info   : Unity Log]  Loading key autoRange
[Info   : Unity Log]  Loading key allowAllOres
[Info   : Unity Log] Loading config section Hotkeys
[Info   : Unity Log]  Section not enabled
[Info   : Unity Log] Loading config section Kiln
[Info   : Unity Log]  Loading key productionSpeed
[Info   : Unity Log]  Loading key maximumWood
[Info   : Unity Log]  Loading key dontProcessFineWood
[Info   : Unity Log]  Loading key dontProcessRoundLog
[Info   : Unity Log]  Loading key autoDeposit
[Info   : Unity Log]  Loading key autoFuel
[Info   : Unity Log]  Loading key stopAutoFuelThreshold
[Info   : Unity Log]  Loading key ignorePrivateAreaCheck
[Info   : Unity Log]  Loading key autoRange
[Info   : Unity Log] Loading config section Windmill
[Info   : Unity Log]  Loading key maximumBarley
[Info   : Unity Log]  Loading key productionSpeed
[Info   : Unity Log]  Loading key ignoreWindIntensity
[Info   : Unity Log]  Loading key autoDeposit
[Info   : Unity Log]  Loading key autoFuel
[Info   : Unity Log]  Loading key ignorePrivateAreaCheck
[Info   : Unity Log]  Loading key autoRange
[Info   : Unity Log] Loading config section SpinningWheel
[Info   : Unity Log]  Section not enabled
[Info   : Unity Log] Loading config section Map
[Info   : Unity Log]  Loading key shareMapProgression
[Info   : Unity Log]  Loading key exploreRadius
[Info   : Unity Log]  Loading key preventPlayerFromTurningOffPublicPosition
[Info   : Unity Log]  Loading key shareAllPins
[Info   : Unity Log]  Loading key displayCartsAndBoats
[Info   : Unity Log] Loading config section Player
[Info   : Unity Log]  Loading key baseMaximumWeight
[Info   : Unity Log]  Loading key baseMegingjordBuff
[Info   : Unity Log]  Loading key baseAutoPickUpRange
[Info   : Unity Log]  Loading key disableCameraShake
[Info   : Unity Log]  Loading key baseUnarmedDamage
[Info   : Unity Log]  Loading key cropNotifier
[Info   : Unity Log]  Loading key restSecondsPerComfortLevel
[Info   : Unity Log]  Loading key deathPenaltyMultiplier
[Info   : Unity Log]  Loading key autoRepair
[Info   : Unity Log]  Loading key guardianBuffDuration
[Info   : Unity Log]  Loading key guardianBuffCooldown
[Info   : Unity Log]  Loading key disableGuardianBuffAnimation
[Info   : Unity Log]  Loading key autoEquipShield
[Info   : Unity Log]  Loading key autoUnequipShield
[Info   : Unity Log]  Loading key skipIntro
[Info   : Unity Log]  Loading key iHaveArrivedOnSpawn
[Info   : Unity Log]  Loading key queueWeaponChanges
[Info   : Unity Log]  Loading key dontUnequipItemsWhenSwimming
[Info   : Unity Log]  Loading key reequipItemsAfterSwimming
[Info   : Unity Log]  Loading key fallDamageScalePercent
[Info   : Unity Log]  Loading key maxFallDamage
[Info   : Unity Log]  Loading key skipTutorials
[Info   : Unity Log]  Loading key disableEncumbered
[Info   : Unity Log]  Loading key autoPickUpWhenEncumbered
[Info   : Unity Log] Loading config section Server
[Info   : Unity Log]  Loading key maxPlayers
[Info   : Unity Log]  Loading key disableServerPassword
[Info   : Unity Log]  Loading key enforceMod
[Info   : Unity Log]  Loading key serverSyncsConfig
[Info   : Unity Log]  Loading key serverSyncHotkeys
[Info   : Unity Log] Loading config section Stamina
[Info   : Unity Log]  Section not enabled
[Info   : Unity Log] Loading config section StaminaUsage
[Info   : Unity Log]  Section not enabled
[Info   : Unity Log] Loading config section Workbench
[Info   : Unity Log]  Section not enabled
[Info   : Unity Log] Loading config section Time
[Info   : Unity Log]  Section not enabled
[Info   : Unity Log] Loading config section Ward
[Info   : Unity Log]  Section not enabled
[Info   : Unity Log] Loading config section StructuralIntegrity
[Info   : Unity Log]  Loading key wood
[Info   : Unity Log]  Loading key stone
[Info   : Unity Log]  Loading key iron
[Info   : Unity Log]  Loading key hardWood
[Info   : Unity Log]  Loading key marble
[Info   : Unity Log]  Loading key disableStructuralIntegrity
[Info   : Unity Log]  Loading key disableDamageToPlayerStructures
[Info   : Unity Log]  Loading key disableDamageToPlayerBoats
[Info   : Unity Log]  Loading key disableDamageToPlayerCarts
[Info   : Unity Log]  Loading key disableWaterDamageToPlayerBoats
[Info   : Unity Log]  Loading key disableWaterDamageToPlayerCarts
[Info   : Unity Log] Loading config section Tameable
[Info   : Unity Log]  Section not enabled
[Info   : Unity Log] Loading config section Hud
[Info   : Unity Log]  Section not enabled
[Info   : Unity Log] Loading config section Experience
[Info   : Unity Log]  Section not enabled
[Info   : Unity Log] Loading config section Camera
[Info   : Unity Log]  Loading key cameraMaximumZoomDistance
[Info   : Unity Log]  Loading key cameraBoatMaximumZoomDistance
[Info   : Unity Log]  Loading key cameraFOV
[Info   : Unity Log] Loading config section Game
[Info   : Unity Log]  Section not enabled
[Info   : Unity Log] Loading config section Wagon
[Info   : Unity Log]  Section not enabled
[Info   : Unity Log] Loading config section Gathering
[Info   : Unity Log]  Section not enabled
[Info   : Unity Log] Loading config section Pickable
[Info   : Unity Log]  Section not enabled
[Info   : Unity Log] Loading config section Durability
[Info   : Unity Log]  Section not enabled
[Info   : Unity Log] Loading config section Armor
[Info   : Unity Log]  Section not enabled
[Info   : Unity Log] Loading config section FreePlacementRotation
[Info   : Unity Log]  Section not enabled
[Info   : Unity Log] Loading config section Shields
[Info   : Unity Log]  Section not enabled
[Info   : Unity Log] Loading config section FirstPerson
[Info   : Unity Log]  Loading key hotkey
[Info   : Unity Log]  Loading key raiseFOVHotkey
[Info   : Unity Log]  Loading key defaultFOV
[Info   : Unity Log]  Loading key lowerFOVHotkey
[Info   : Unity Log] Loading config section GridAlignment
[Info   : Unity Log]  Section not enabled
[Info   : Unity Log] Loading config section CraftFromChest
[Info   : Unity Log]  Loading key range
[Info   : Unity Log]  Loading key disableCookingStation
[Info   : Unity Log]  Loading key checkFromWorkbench
[Info   : Unity Log]  Loading key ignorePrivateAreaCheck
[Info   : Unity Log]  Loading key lookupInterval
[Info   : Unity Log]  Loading key allowCraftingFromCarts
[Info   : Unity Log]  Loading key allowCraftingFromShips
[Info   : Unity Log] Loading config section ValheimPlus
[Info   : Unity Log]  Loading key mainMenuLogo
[Info   : Unity Log]  Loading key serverBrowserAdvertisement
[Info   : Unity Log] Loading config section PlayerProjectile
[Info   : Unity Log]  Section not enabled
[Info   : Unity Log] Loading config section MonsterProjectile
[Info   : Unity Log]  Section not enabled
[Info   : Unity Log] Loading config section GameClock
[Info   : Unity Log]  Section not enabled
[Info   : Unity Log] Loading config section Brightness
[Info   : Unity Log]  Section not enabled
[Info   : Unity Log] Loading config section Chat
[Info   : Unity Log]  Section not enabled
[Info   :Valheim Plus] Configuration file loaded succesfully.
[Info   :Valheim Plus] ValheimPlus [0.9.9.11] is up to date.
[Info   :   BepInEx] Loading [Display BepInEx Info In-Game 2.0.0]
[Info   :   BepInEx] Loading [Extended Item Data Framework 1.0.7]
[Warning:  HarmonyX] AccessTools.DeclaredMethod: Could not find method for type Inventory and name AddItem and parameters (string, int, float, Vector2i, bool, int, int, long, string)
[Error  : Unity Log] ArgumentException: Undefined target method for patch method static bool ExtendedItemDataFramework.Inventory_AddItemFromLoad_Patch::Prefix(Inventory __instance, Boolean& __result, string name, int stack, float durability, Vector2i pos, bool equiped, int quality, int variant, long crafterID, string crafterName)
Stack trace:
HarmonyLib.PatchClassProcessor.PatchWithAttributes (System.Reflection.MethodBase& lastOriginal) (at <474744d65d8e460fa08cd5fd82b5d65f>:0)
HarmonyLib.PatchClassProcessor.Patch () (at <474744d65d8e460fa08cd5fd82b5d65f>:0)
Rethrow as HarmonyException: Patching exception in method null
HarmonyLib.PatchClassProcessor.ReportException (System.Exception exception, System.Reflection.MethodBase original) (at <474744d65d8e460fa08cd5fd82b5d65f>:0)
HarmonyLib.PatchClassProcessor.Patch () (at <474744d65d8e460fa08cd5fd82b5d65f>:0)
HarmonyLib.Harmony.<PatchAll>b__11_0 (System.Type type) (at <474744d65d8e460fa08cd5fd82b5d65f>:0)
HarmonyLib.CollectionExtensions.Do[T] (System.Collections.Generic.IEnumerable`1[T] sequence, System.Action`1[T] action) (at <474744d65d8e460fa08cd5fd82b5d65f>:0)
HarmonyLib.Harmony.PatchAll (System.Reflection.Assembly assembly) (at <474744d65d8e460fa08cd5fd82b5d65f>:0)
HarmonyLib.Harmony.CreateAndPatchAll (System.Reflection.Assembly assembly, System.String harmonyInstanceId) (at <474744d65d8e460fa08cd5fd82b5d65f>:0)
ExtendedItemDataFramework.ExtendedItemDataFramework.Awake () (at <dfd72d765e1645ba9a4759fa398691c4>:0)
UnityEngine.GameObject:AddComponent(Type)
BepInEx.Bootstrap.Chainloader:Start()
UnityEngine.Application:.cctor()

[Message:   BepInEx] Chainloader startup complete
[Info   : Unity Log] 12/09/2022 22:37:46: Starting to load scene:start

[Warning: Unity Log] Only custom filters can be played. Please add a custom filter or an audioclip to the audiosource (Amb_MainMenu).
[Warning: Unity Log] HDR Render Texture not supported, disabling HDR on reflection probe.
[Info   : Unity Log] 12/09/2022 22:37:51: Setting -savedir to: /home/steam/.config/unity3d/IronGate/Valheim/Norrlandsvargar

[Info   : Unity Log] 12/09/2022 22:37:51: Setting -logfile to: /home/steam/.config/unity3d/IronGate/Valheim/Norrlandsvargar/valheim_server.log

[Info   : Unity Log] 12/09/2022 22:37:51: Get create world Norrlandsvargar

[Info   : Unity Log] 12/09/2022 22:37:51: Using environment steamid 892970

[Info   : Unity Log] 12/09/2022 22:37:51: Using steam APPID:892970

[Info   : Unity Log] 12/09/2022 22:37:51: Server ID 90071992547409920

[Info   : Unity Log] 12/09/2022 22:37:51: Authentication:k_ESteamNetworkingAvailability_Waiting

[Info   : Unity Log] 12/09/2022 22:37:51: Steam game server initialized

[Info   : Unity Log] 12/09/2022 22:37:51: Using default prefs

[Info   : Unity Log] 12/09/2022 22:37:51: Valheim version:0.212.7@0.9.9.11

[Info   : Unity Log] 12/09/2022 22:37:51: Worldgenerator version setup:2

[Info   : Unity Log] 12/09/2022 22:37:51: Render threading mode:SingleThreaded

[Warning: Unity Log] 12/09/2022 22:37:51: Missing audio clip in music respawn

[Info   : Unity Log] 12/09/2022 22:37:52: Loaded localization CSV:localization language:English

[Info   : Unity Log] 12/09/2022 22:37:52: Loaded localization CSV:localization_extra language:English

[Error  : Unity Log] DllNotFoundException: party
Stack trace:
PartyCSharpSDK.SDK.PartyInitialize (System.String titleId, PartyCSharpSDK.PARTY_HANDLE& handle) (at <b608fa7876f34b489ca90384515ce785>:0)
PlayFab.Party.PlayFabMultiplayerManager.InitializeImpl () (at <b608fa7876f34b489ca90384515ce785>:0)
PlayFab.Party.PlayFabMultiplayerManager._Initialize () (at <b608fa7876f34b489ca90384515ce785>:0)
PlayFab.Party.PlayFabMultiplayerManager.Start () (at <b608fa7876f34b489ca90384515ce785>:0)

[Info   : Unity Log] The shader Hidden/Dof/DepthOfFieldHdr (UnityEngine.Shader) on effect Main Camera (UnityStandardAssets.ImageEffects.DepthOfField) is not supported on this platform!
[Warning: Unity Log] The image effect Main Camera (UnityStandardAssets.ImageEffects.DepthOfField) has been disabled as it's not supported on the current platform.
[Info   : Unity Log] The shader Hidden/SunShaftsComposite (UnityEngine.Shader) on effect Main Camera (UnityStandardAssets.ImageEffects.SunShafts) is not supported on this platform!
[Info   : Unity Log] The shader Hidden/SimpleClear (UnityEngine.Shader) on effect Main Camera (UnityStandardAssets.ImageEffects.SunShafts) is not supported on this platform!
[Warning: Unity Log] The image effect Main Camera (UnityStandardAssets.ImageEffects.SunShafts) has been disabled as it's not supported on the current platform.
[Info   : Unity Log] 12/09/2022 22:37:52: Starting music menu

[Info   : Unity Log] 12/09/2022 22:37:52: UI Group status changed Menu = True

[Warning: Unity Log] HDR Render Texture not supported, disabling HDR on reflection probe.
[Warning: Unity Log] HDR Render Texture not supported, disabling HDR on reflection probe.
[Info   : Unity Log] 12/09/2022 22:37:53: Using default prefs

[Info   : Unity Log] 12/09/2022 22:37:53: isModded: True

[Info   : Unity Log] 12/09/2022 22:37:53: Zonesystem Awake 243

[Info   : Unity Log] 12/09/2022 22:37:53: DungeonDB Awake 243

[Info   : Unity Log] 12/09/2022 22:37:53: Registering lobby

[Info   : Unity Log] 12/09/2022 22:37:53: Worldgenerator version setup:1

[Info   : Unity Log] Registered 'advize.PlantEverything ConfigSync' RPC - waiting for incoming connections
[Info   : Unity Log] 12/09/2022 22:37:56: Audioman already exist, destroying self

[Info   :AuthoritativeConfig_nex.SpeedyPaths] Authoritative Config Registered -> AuthoritativeConfig_nex.SpeedyPaths
[Info   : Unity Log] 12/09/2022 22:38:06: Zonesystem Start 243

[Info   : Unity Log] 12/09/2022 22:38:07: Added 3 locations, 0 vegetations, 0 environments, 0 biome env-setups, 0 clutter  from locations_cp1

[Info   : Unity Log] 12/09/2022 22:38:07: Added 1 locations, 0 vegetations, 1 environments, 0 biome env-setups, 0 clutter  from locations_mountaincaves

[Info   : Unity Log] 12/09/2022 22:38:07: Added 27 locations, 25 vegetations, 5 environments, 1 biome env-setups, 3 clutter  from locations_mistlands

[Info   : Unity Log] 12/09/2022 22:38:07: DungeonDB Start 243

[Info   : Unity Log] 12/09/2022 22:38:08: ZRpc timeout set to 30s 

[Info   : Unity Log] 12/09/2022 22:38:08: Load world: Norrlandsvargar (Norrlandsvargar)

[Info   : Unity Log] 12/09/2022 22:38:08: Loading 1243689 zdos , my id -257224966 data version:28

[Info   : Unity Log] 12/09/2022 22:38:13: Loaded 100000 dead zdos

[Info   : Unity Log] 12/09/2022 22:38:13: Removed 0 OLD generated ZDOS

[Info   : Unity Log] 12/09/2022 22:38:13: Loaded 7430 locations

[Info   : Unity Log] 12/09/2022 22:38:14: Generating locations

[Info   : Unity Log] 12/09/2022 22:38:14: Checking for location duplicates

[Info   : Unity Log] 12/09/2022 22:38:14: Old location found StartTemple x 1

[Info   : Unity Log] 12/09/2022 22:38:14: Old location found Eikthyrnir x 3

[Info   : Unity Log] 12/09/2022 22:38:14: Old location found GoblinKing x 1

[Info   : Unity Log] 12/09/2022 22:38:14: Old location found GDKing x 2

[Info   : Unity Log] 12/09/2022 22:38:14: Old location found Bonemass x 2

[Info   : Unity Log] 12/09/2022 22:38:14: Old location found SunkenCrypt4 x 113

[Info   : Unity Log] 12/09/2022 22:38:14: Old location found Vendor_BlackForest x 1

[Info   : Unity Log] 12/09/2022 22:38:14: Old location found Dragonqueen x 2

[Warning: Unity Log] 12/09/2022 22:38:20: Failed to place all Mistlands_Giant1, placed 234 out of 350

[Warning: Unity Log] 12/09/2022 22:38:26: Failed to place all Mistlands_Giant2, placed 44 out of 100

[Info   : Unity Log] 12/09/2022 22:38:30: Old location found StoneCircle x 20

[Info   : Unity Log] 12/09/2022 22:38:30: Old location found Greydwarf_camp1 x 97

[Info   : Unity Log] 12/09/2022 22:38:30: Old location found Runestone_Greydwarfs x 25

[Info   : Unity Log] 12/09/2022 22:38:30: Old location found Grave1 x 69

[Info   : Unity Log] 12/09/2022 22:38:30: Old location found SwampRuin1 x 16

[Info   : Unity Log] 12/09/2022 22:38:30: Old location found SwampRuin2 x 16

[Info   : Unity Log] 12/09/2022 22:38:30: Old location found FireHole x 59

[Info   : Unity Log] 12/09/2022 22:38:30: Old location found Runestone_Draugr x 19

[Info   : Unity Log] 12/09/2022 22:38:30: Old location found Crypt2 x 59

[Info   : Unity Log] 12/09/2022 22:38:31: Old location found Ruin1 x 61

[Info   : Unity Log] 12/09/2022 22:38:31: Old location found Ruin2 x 59

[Info   : Unity Log] 12/09/2022 22:38:31: Old location found StoneHouse3 x 62

[Info   : Unity Log] 12/09/2022 22:38:31: Old location found StoneHouse4 x 66

[Info   : Unity Log] 12/09/2022 22:38:31: Old location found Ruin3 x 18

[Info   : Unity Log] 12/09/2022 22:38:31: Old location found GoblinCamp2 x 80

[Info   : Unity Log] 12/09/2022 22:38:33: Old location found StoneTower1 x 18

[Info   : Unity Log] 12/09/2022 22:38:33: Old location found StoneTower3 x 20

[Info   : Unity Log] 12/09/2022 22:38:34: Old location found StoneHenge1 x 3

[Info   : Unity Log] 12/09/2022 22:38:34: Old location found StoneHenge2 x 3

[Info   : Unity Log] 12/09/2022 22:38:34: Old location found StoneHenge3 x 1

[Info   : Unity Log] 12/09/2022 22:38:34: Old location found StoneHenge4 x 3

[Info   : Unity Log] 12/09/2022 22:38:34: Old location found StoneHenge5 x 8

[Info   : Unity Log] 12/09/2022 22:38:34: Old location found StoneHenge6 x 7

[Info   : Unity Log] 12/09/2022 22:38:34: Old location found WoodHouse1 x 20

[Info   : Unity Log] 12/09/2022 22:38:34: Old location found WoodHouse2 x 18

[Info   : Unity Log] 12/09/2022 22:38:34: Old location found WoodHouse3 x 14

[Info   : Unity Log] 12/09/2022 22:38:34: Old location found WoodHouse4 x 17

[Info   : Unity Log] 12/09/2022 22:38:34: Old location found WoodHouse5 x 16

[Info   : Unity Log] 12/09/2022 22:38:34: Old location found WoodHouse6 x 18

[Info   : Unity Log] 12/09/2022 22:38:34: Old location found WoodHouse7 x 20

[Info   : Unity Log] 12/09/2022 22:38:34: Old location found WoodHouse8 x 19

[Info   : Unity Log] 12/09/2022 22:38:34: Old location found WoodHouse9 x 18

[Info   : Unity Log] 12/09/2022 22:38:34: Old location found WoodHouse10 x 17

[Info   : Unity Log] 12/09/2022 22:38:34: Old location found WoodHouse11 x 18

[Info   : Unity Log] 12/09/2022 22:38:34: Old location found WoodHouse12 x 17

[Info   : Unity Log] 12/09/2022 22:38:34: Old location found WoodHouse13 x 19

[Info   : Unity Log] 12/09/2022 22:38:34: Old location found WoodFarm1 x 10

[Info   : Unity Log] 12/09/2022 22:38:34: Old location found WoodVillage1 x 12

[Info   : Unity Log] 12/09/2022 22:38:34: Old location found TrollCave02 x 80

[Info   : Unity Log] 12/09/2022 22:38:35: Old location found Dolmen01 x 48

[Info   : Unity Log] 12/09/2022 22:38:35: Old location found Dolmen02 x 46

[Info   : Unity Log] 12/09/2022 22:38:35: Old location found Dolmen03 x 23

[Info   : Unity Log] 12/09/2022 22:38:35: Old location found Crypt3 x 71

[Info   : Unity Log] 12/09/2022 22:38:35: Old location found Crypt4 x 62

[Info   : Unity Log] 12/09/2022 22:38:36: Old location found InfestedTree01 x 222

[Info   : Unity Log] 12/09/2022 22:38:36: Old location found SwampHut1 x 19

[Info   : Unity Log] 12/09/2022 22:38:36: Old location found SwampHut2 x 12

[Info   : Unity Log] 12/09/2022 22:38:37: Old location found SwampHut3 x 16

[Info   : Unity Log] 12/09/2022 22:38:37: Old location found SwampHut4 x 14

[Info   : Unity Log] 12/09/2022 22:38:37: Old location found SwampHut5 x 6

[Info   : Unity Log] 12/09/2022 22:38:37: Old location found SwampWell1 x 9

[Info   : Unity Log] 12/09/2022 22:38:37: Old location found StoneTowerRuins04 x 15

[Info   : Unity Log] 12/09/2022 22:38:37: Old location found StoneTowerRuins05 x 17

[Info   : Unity Log] 12/09/2022 22:38:39: Old location found StoneTowerRuins03 x 27

[Info   : Unity Log] 12/09/2022 22:38:39: Old location found StoneTowerRuins07 x 23

[Info   : Unity Log] 12/09/2022 22:38:39: Old location found StoneTowerRuins08 x 22

[Info   : Unity Log] 12/09/2022 22:38:39: Old location found StoneTowerRuins09 x 25

[Info   : Unity Log] 12/09/2022 22:38:39: Old location found StoneTowerRuins10 x 29

[Info   : Unity Log] 12/09/2022 22:38:39: Old location found ShipSetting01 x 83

[Info   : Unity Log] 12/09/2022 22:38:40: Old location found DrakeNest01 x 50

[Info   : Unity Log] 12/09/2022 22:38:41: Old location found Waymarker01 x 19

[Info   : Unity Log] 12/09/2022 22:38:41: Old location found Waymarker02 x 14

[Info   : Unity Log] 12/09/2022 22:38:41: Old location found AbandonedLogCabin02 x 5

[Info   : Unity Log] 12/09/2022 22:38:41: Old location found AbandonedLogCabin03 x 7

[Info   : Unity Log] 12/09/2022 22:38:42: Old location found AbandonedLogCabin04 x 13

[Info   : Unity Log] 12/09/2022 22:38:43: Old location found MountainGrave01 x 35

[Info   : Unity Log] 12/09/2022 22:38:44: Old location found DrakeLorestone x 12

[Info   : Unity Log] 12/09/2022 22:38:44: Old location found MountainWell1 x 6

[Warning: Unity Log] 12/09/2022 22:38:46: Failed to place all MountainWell1, placed 22 out of 25

[Info   : Unity Log] 12/09/2022 22:38:46: Old location found ShipWreck01 x 8

[Info   : Unity Log] 12/09/2022 22:38:46: Old location found ShipWreck02 x 8

[Info   : Unity Log] 12/09/2022 22:38:46: Old location found ShipWreck03 x 10

[Info   : Unity Log] 12/09/2022 22:38:46: Old location found ShipWreck04 x 10

[Info   : Unity Log] 12/09/2022 22:38:46: Old location found Runestone_Meadows x 85

[Info   : Unity Log] 12/09/2022 22:38:46: Old location found Runestone_Boars x 43

[Info   : Unity Log] 12/09/2022 22:38:46: Old location found Runestone_Swamps x 36

[Info   : Unity Log] 12/09/2022 22:38:46: Old location found Runestone_Mountains x 16

[Warning: Unity Log] 12/09/2022 22:38:48: Failed to place all Runestone_Mountains, placed 62 out of 100

[Info   : Unity Log] 12/09/2022 22:38:48: Old location found Runestone_BlackForest x 16

[Info   : Unity Log] 12/09/2022 22:38:48: Old location found Runestone_Plains x 36

[Info   : Unity Log] 12/09/2022 22:38:48: Old location found TarPit1 x 47

[Warning: Unity Log] 12/09/2022 22:38:49: Failed to place all TarPit1, placed 96 out of 100

[Info   : Unity Log] 12/09/2022 22:38:49: Old location found TarPit2 x 3

[Warning: Unity Log] 12/09/2022 22:38:51: Failed to place all TarPit2, placed 9 out of 100

[Info   : Unity Log] 12/09/2022 22:38:51: Old location found TarPit3 x 43

[Info   : Unity Log] 12/09/2022 22:38:52: Old location found MountainCave02 x 34

[Warning: Unity Log] 12/09/2022 22:38:54: Failed to place all MountainCave02, placed 110 out of 160

[Info   : Unity Log] 12/09/2022 22:39:00:  Done generating locations, duration:46502.862 ms

[Info   : Unity Log] The shader Hidden/Dof/DepthOfFieldHdr (UnityEngine.Shader) on effect Main Camera (UnityStandardAssets.ImageEffects.DepthOfField) is not supported on this platform!
[Warning: Unity Log] The image effect Main Camera (UnityStandardAssets.ImageEffects.DepthOfField) has been disabled as it's not supported on the current platform.
[Info   : Unity Log] The shader Hidden/SunShaftsComposite (UnityEngine.Shader) on effect Main Camera (UnityStandardAssets.ImageEffects.SunShafts) is not supported on this platform!
[Info   : Unity Log] The shader Hidden/SimpleClear (UnityEngine.Shader) on effect Main Camera (UnityStandardAssets.ImageEffects.SunShafts) is not supported on this platform!
[Warning: Unity Log] The image effect Main Camera (UnityStandardAssets.ImageEffects.SunShafts) has been disabled as it's not supported on the current platform.
[Info   : Unity Log] 12/09/2022 22:39:01: Game server connected

[Info   : Unity Log] 12/09/2022 22:49:01:  Connections 0 ZDOS:1243689  sent:0 recv:0

